-------------------------------------------------------------------------------
Test set: se.kth.iv1350.posvvik.view.ViewTest
-------------------------------------------------------------------------------
Tests run: 1, Failures: 1, Errors: 0, Skipped: 0, Time elapsed: 0.001 sec <<< FAILURE!
se.kth.iv1350.posvvik.view.ViewTest.testSampleSale()  Time elapsed: 0.001 sec  <<< FAILURE!
org.opentest4j.AssertionFailedError: The test case is a prototype.
	at org.junit.jupiter.api.AssertionUtils.fail(AssertionUtils.java:39)
	at org.junit.jupiter.api.Assertions.fail(Assertions.java:109)
	at se.kth.iv1350.posvvik.view.ViewTest.testSampleSale(ViewTest.java:41)

